<?xml version="1.0" encoding="UTF-8"?>
<!-- Generated by org.testng.reporters.JUnitXMLReporter -->
<testsuite hostname="apples-MacBook-Pro.local" failures="0" tests="5" name="Default test" time="3.309" errors="0" timestamp="6 Feb 2020 13:26:04 GMT">
  <testcase classname="assignments.zestMoney.testScripts.comparePrice" name="searchProductinAmazon" time="2.012"/>
  <testcase classname="assignments.zestMoney.testScripts.comparePrice" name="checkProductisAvailableAmazon" time="0.017"/>
  <testcase classname="assignments.zestMoney.testScripts.comparePrice" name="searchProductinFlipkart" time="0.382"/>
  <testcase classname="assignments.zestMoney.testScripts.comparePrice" name="checkProductisAvailableFlipkart" time="0.012"/>
  <testcase classname="assignments.zestMoney.testScripts.comparePrice" name="getPrice" time="0.868"/>
</testsuite> <!-- Default test -->
