<?xml version="1.0" encoding="UTF-8"?>
<!-- Generated by org.testng.reporters.JUnitXMLReporter -->
<testsuite hostname="apples-MacBook-Pro.local" failures="0" tests="5" name="Default test" time="4.141" errors="0" timestamp="6 Feb 2020 10:03:22 GMT">
  <testcase classname="assignments.zestMoney.testScripts.comparePrice" name="searchProductinAmazon" time="2.958"/>
  <testcase classname="assignments.zestMoney.testScripts.comparePrice" name="checkProductisValidAmazon" time="0.016"/>
  <testcase classname="assignments.zestMoney.testScripts.comparePrice" name="searchProductinFlipkart" time="0.401"/>
  <testcase classname="assignments.zestMoney.testScripts.comparePrice" name="checkProductisValidFlipkart" time="0.4"/>
  <testcase classname="assignments.zestMoney.testScripts.comparePrice" name="getPrice" time="0.345"/>
</testsuite> <!-- Default test -->
